Copyright 1986-2015 Xilinx, Inc. All Rights Reserved.
----------------------------------------------------------------------------------------------------------------
| Tool Version : Vivado v.2015.4 (win64) Build 1412921 Wed Nov 18 09:43:45 MST 2015
| Date         : Mon Apr 09 16:13:35 2018
| Host         : kevin-portable running 64-bit major release  (build 9200)
| Command      : report_timing -file out/post_route_timing.rpt -sort_by group -max_paths 100 -path_type summary
| Design       : red_pitaya_top
| Device       : 7z010-clg400
| Speed File   : -1  PRODUCTION 1.11 2014-09-11
----------------------------------------------------------------------------------------------------------------

Timing Report

Startpoint                     Endpoint                       Slack(ns)     
----------------------------------------------------------------------------
i_dsp/genblk4[7].iq_2_outputs/quadrature_filter_reg[7]_replica_2/C
                               i_dsp/genblk4[7].iq_2_outputs/modulator/secondproduct1/D[2]
                                                              -4.602        
i_dsp/genblk4[7].iq_2_outputs/quadrature_filter_reg[7]_replica_2/C
                               i_dsp/genblk4[7].iq_2_outputs/modulator/secondproduct1/D[0]
                                                              -4.584        
i_dsp/genblk4[7].iq_2_outputs/quadrature_filter_reg[7]_replica_2/C
                               i_dsp/genblk4[7].iq_2_outputs/modulator/secondproduct1/D[7]
                                                              -4.576        
i_dsp/genblk4[7].iq_2_outputs/quadrature_filter_reg[7]_replica_2/C
                               i_dsp/genblk4[7].iq_2_outputs/modulator/secondproduct1/D[1]
                                                              -4.570        
i_dsp/genblk4[7].iq_2_outputs/quadrature_filter_reg[7]_replica_2/C
                               i_dsp/genblk4[7].iq_2_outputs/modulator/secondproduct1/D[9]
                                                              -4.533        
i_dsp/genblk4[7].iq_2_outputs/quadrature_filter_reg[7]_replica_2/C
                               i_dsp/genblk4[7].iq_2_outputs/modulator/secondproduct1/D[4]
                                                              -4.503        
i_dsp/genblk4[7].iq_2_outputs/quadrature_filter_reg[7]_replica_2/C
                               i_dsp/genblk4[7].iq_2_outputs/modulator/secondproduct1/D[3]
                                                              -4.502        
i_dsp/genblk4[7].iq_2_outputs/quadrature_filter_reg[7]_replica_2/C
                               i_dsp/genblk4[7].iq_2_outputs/modulator/secondproduct1/D[10]
                                                              -4.488        
i_dsp/genblk4[7].iq_2_outputs/quadrature_filter_reg[7]_replica_2/C
                               i_dsp/genblk4[7].iq_2_outputs/modulator/secondproduct1/D[5]
                                                              -4.468        
i_dsp/genblk4[7].iq_2_outputs/quadrature_filter_reg[7]_replica_2/C
                               i_dsp/genblk4[7].iq_2_outputs/modulator/secondproduct1/D[6]
                                                              -4.450        
i_dsp/genblk4[7].iq_2_outputs/quadrature_filter_reg[7]_replica_2/C
                               i_dsp/genblk4[7].iq_2_outputs/modulator/secondproduct1/D[11]
                                                              -4.410        
i_dsp/genblk4[7].iq_2_outputs/quadrature_filter_reg[7]_replica_2/C
                               i_dsp/genblk4[7].iq_2_outputs/modulator/secondproduct1/D[8]
                                                              -4.363        
i_dsp/genblk4[7].iq_2_outputs/quadrature_filter_reg[7]_replica_2/C
                               i_dsp/genblk4[7].iq_2_outputs/modulator/secondproduct1/D[12]
                                                              -4.333        
i_ps/axi_slave_gp0/wr_wdata_reg[3]/C
                               i_hk/exp_p_dir_o_reg[3]/D      -3.870        
i_dsp/genblk4[7].iq_2_outputs/iqfilter[0]/genblk2[0].lpf/y_reg[30]/C
                               i_dsp/genblk4[7].iq_2_outputs/modulator/q2_product_reg_reg[12]/D
                                                              -3.817        
i_dsp/genblk4[7].iq_2_outputs/iqfilter[0]/genblk2[0].lpf/y_reg[30]/C
                               i_dsp/genblk4[7].iq_2_outputs/modulator/q2_product_reg_reg[11]/D
                                                              -3.808        
i_dsp/genblk3[5].iq/iqfilter[1]/genblk2[0].lpf/delta_reg[21]/C
                               i_dsp/genblk3[5].iq/modulator/secondproduct1/D[12]
                                                              -3.801        
i_dsp/genblk3[5].iq/iqfilter[1]/genblk2[0].lpf/delta_reg[21]/C
                               i_dsp/genblk3[5].iq/modulator/secondproduct1/D[8]
                                                              -3.779        
i_dsp/genblk3[6].iq/iqfilter[1]/genblk2[0].lpf/y_reg[42]/C
                               i_dsp/genblk3[6].iq/modulator/secondproduct1/D[1]
                                                              -3.760        
i_dsp/genblk4[7].iq_2_outputs/iqfilter[0]/genblk2[0].lpf/y_reg[30]/C
                               i_dsp/genblk4[7].iq_2_outputs/modulator/q2_product_reg_reg[6]/D
                                                              -3.754        
i_dsp/genblk4[7].iq_2_outputs/iqfilter[0]/genblk2[0].lpf/y_reg[30]/C
                               i_dsp/genblk4[7].iq_2_outputs/modulator/q2_product_reg_reg[5]/D
                                                              -3.747        
i_dsp/genblk4[7].iq_2_outputs/iqfilter[0]/genblk2[0].lpf/y_reg[30]/C
                               i_dsp/genblk4[7].iq_2_outputs/modulator/q2_product_reg_reg[9]/D
                                                              -3.746        
i_dsp/genblk4[7].iq_2_outputs/iqfilter[0]/genblk2[0].lpf/y_reg[30]/C
                               i_dsp/genblk4[7].iq_2_outputs/modulator/q2_product_reg_reg[3]/D
                                                              -3.742        
i_dsp/genblk4[7].iq_2_outputs/iqfilter[0]/genblk2[0].lpf/y_reg[30]/C
                               i_dsp/genblk4[7].iq_2_outputs/modulator/q2_product_reg_reg[4]/D
                                                              -3.738        
i_dsp/genblk3[5].iq/iqfilter[1]/genblk2[0].lpf/delta_reg[21]/C
                               i_dsp/genblk3[5].iq/modulator/secondproduct1/D[10]
                                                              -3.737        
i_dsp/genblk3[5].iq/iqfilter[1]/genblk2[0].lpf/delta_reg[21]/C
                               i_dsp/genblk3[5].iq/modulator/secondproduct1/D[3]
                                                              -3.725        
i_dsp/genblk4[7].iq_2_outputs/quadrature_filter_reg[7]_replica_2/C
                               i_dsp/genblk4[7].iq_2_outputs/modulator/q1_product_reg_reg[10]/D
                                                              -3.688        
i_dsp/genblk4[7].iq_2_outputs/quadrature_filter_reg[7]_replica_2/C
                               i_dsp/genblk4[7].iq_2_outputs/modulator/q1_product_reg_reg[11]/D
                                                              -3.668        
i_dsp/genblk4[7].iq_2_outputs/iqfilter[0]/genblk2[0].lpf/y_reg[30]/C
                               i_dsp/genblk4[7].iq_2_outputs/modulator/firstproduct_saturation[1]/psdsp/D
                                                              -3.659        
i_dsp/genblk4[7].iq_2_outputs/iqfilter[0]/genblk2[0].lpf/y_reg[30]/C
                               i_dsp/genblk4[7].iq_2_outputs/modulator/firstproduct_saturation[1]/psdsp_7/D
                                                              -3.657        
i_ps/axi_slave_gp0/wr_wdata_reg[3]/C
                               i_hk/led_o_reg[3]/D            -3.650        
i_dsp/genblk3[6].iq/iqfilter[1]/genblk2[0].lpf/y_reg[42]/C
                               i_dsp/genblk3[6].iq/modulator/secondproduct1/D[5]
                                                              -3.630        
i_dsp/genblk3[6].iq/iqfilter[1]/genblk2[0].lpf/y_reg[42]/C
                               i_dsp/genblk3[6].iq/modulator/secondproduct1/D[9]
                                                              -3.628        
i_dsp/genblk4[7].iq_2_outputs/quadrature_filter_reg[7]_replica_2/C
                               i_dsp/genblk4[7].iq_2_outputs/modulator/q1_product_reg_reg[9]/D
                                                              -3.618        
i_dsp/genblk4[7].iq_2_outputs/iqfilter[0]/genblk2[0].lpf/y_reg[30]/C
                               i_dsp/genblk4[7].iq_2_outputs/modulator/q2_product_reg_reg[8]/D
                                                              -3.613        
i_dsp/genblk4[7].iq_2_outputs/iqfilter[0]/genblk2[0].lpf/y_reg[30]/C
                               i_dsp/genblk4[7].iq_2_outputs/modulator/q2_product_reg_reg[2]/D
                                                              -3.612        
i_dsp/genblk4[7].iq_2_outputs/quadrature_filter_reg[7]_replica_2/C
                               i_dsp/genblk4[7].iq_2_outputs/modulator/q1_product_reg_reg[8]/D
                                                              -3.611        
i_dsp/genblk4[7].iq_2_outputs/iqfilter[0]/genblk2[0].lpf/y_reg[30]/C
                               i_dsp/genblk4[7].iq_2_outputs/modulator/q2_product_reg_reg[7]/D
                                                              -3.609        
i_dsp/genblk3[5].iq/iqfilter[1]/genblk2[0].lpf/delta_reg[21]/C
                               i_dsp/genblk3[5].iq/modulator/secondproduct1/D[6]
                                                              -3.607        
i_dsp/genblk4[7].iq_2_outputs/iqfilter[0]/genblk2[0].lpf/y_reg[30]/C
                               i_dsp/genblk4[7].iq_2_outputs/modulator/q2_product_reg_reg[1]/D
                                                              -3.605        
i_dsp/genblk4[7].iq_2_outputs/iqfilter[0]/genblk2[0].lpf/y_reg[30]/C
                               i_dsp/genblk4[7].iq_2_outputs/modulator/q2_product_reg_reg[10]/D
                                                              -3.604        
i_dsp/genblk3[5].iq/iqfilter[1]/genblk2[0].lpf/delta_reg[21]/C
                               i_dsp/genblk3[5].iq/modulator/secondproduct1/D[9]
                                                              -3.603        
i_dsp/genblk4[7].iq_2_outputs/iqfilter[0]/genblk2[0].lpf/y_reg[30]/C
                               i_dsp/genblk4[7].iq_2_outputs/modulator/q2_product_reg_reg[0]/D
                                                              -3.597        
i_dsp/genblk3[5].iq/iqfilter[1]/genblk2[0].lpf/delta_reg[21]/C
                               i_dsp/genblk3[5].iq/modulator/secondproduct1/D[5]
                                                              -3.563        
i_dsp/genblk3[6].iq/iqfilter[1]/genblk2[0].lpf/y_reg[42]/C
                               i_dsp/genblk3[6].iq/modulator/secondproduct1/D[7]
                                                              -3.555        
i_dsp/genblk3[5].iq/iqfilter[1]/genblk2[0].lpf/delta_reg[21]/C
                               i_dsp/genblk3[5].iq/modulator/secondproduct1/D[4]
                                                              -3.547        
i_dsp/genblk4[7].iq_2_outputs/quadrature_filter_reg[7]_replica_2/C
                               i_dsp/genblk4[7].iq_2_outputs/modulator/q1_product_reg_reg[3]/D
                                                              -3.544        
i_dsp/genblk3[6].iq/iqfilter[1]/genblk2[0].lpf/y_reg[42]/C
                               i_dsp/genblk3[6].iq/modulator/secondproduct1/D[12]
                                                              -3.542        
i_dsp/genblk4[7].iq_2_outputs/quadrature_filter_reg[7]_replica_2/C
                               i_dsp/genblk4[7].iq_2_outputs/modulator/q1_product_reg_reg[4]/D
                                                              -3.539        
i_dsp/genblk3[6].iq/iqfilter[1]/genblk2[0].lpf/y_reg[42]/C
                               i_dsp/genblk3[6].iq/modulator/secondproduct1/D[2]
                                                              -3.538        
i_dsp/genblk4[7].iq_2_outputs/quadrature_filter_reg[7]_replica_2/C
                               i_dsp/genblk4[7].iq_2_outputs/modulator/q1_product_reg_reg[12]/D
                                                              -3.537        
i_dsp/genblk3[5].iq/iqfilter[1]/genblk2[0].lpf/delta_reg[21]/C
                               i_dsp/genblk3[5].iq/modulator/secondproduct1/D[7]
                                                              -3.534        
i_dsp/genblk4[7].iq_2_outputs/quadrature_filter_reg[7]_replica_2/C
                               i_dsp/genblk4[7].iq_2_outputs/modulator/q1_product_reg_reg[1]/D
                                                              -3.532        
i_dsp/genblk3[6].iq/iqfilter[1]/genblk2[0].lpf/y_reg[42]/C
                               i_dsp/genblk3[6].iq/modulator/secondproduct1/D[3]
                                                              -3.511        
i_dsp/genblk4[7].iq_2_outputs/iqfilter[0]/genblk2[0].lpf/y_reg[30]/C
                               i_dsp/genblk4[7].iq_2_outputs/modulator/firstproduct_saturation[1]/psdsp_2/D
                                                              -3.504        
i_dsp/genblk3[6].iq/iqfilter[1]/genblk2[0].lpf/y_reg[42]/C
                               i_dsp/genblk3[6].iq/modulator/secondproduct1/D[6]
                                                              -3.502        
i_dsp/genblk3[5].iq/iqfilter[1]/genblk2[0].lpf/delta_reg[21]/C
                               i_dsp/genblk3[5].iq/modulator/secondproduct1/D[11]
                                                              -3.497        
i_dsp/genblk3[6].iq/iqfilter[1]/genblk2[0].lpf/y_reg[42]/C
                               i_dsp/genblk3[6].iq/modulator/secondproduct1/D[10]
                                                              -3.496        
i_dsp/genblk3[5].iq/iqfilter[1]/genblk2[0].lpf/delta_reg[21]/C
                               i_dsp/genblk3[5].iq/modulator/secondproduct1/D[0]
                                                              -3.484        
i_dsp/genblk4[7].iq_2_outputs/iqfilter[0]/genblk2[0].lpf/y_reg[30]/C
                               i_dsp/genblk4[7].iq_2_outputs/modulator/firstproduct_saturation[1]/psdsp_3/D
                                                              -3.482        
i_dsp/genblk3[6].iq/iqfilter[1]/genblk2[0].lpf/y_reg[42]/C
                               i_dsp/genblk3[6].iq/modulator/secondproduct1/D[0]
                                                              -3.481        
i_ps/axi_slave_gp0/wr_wdata_reg[3]/C
                               i_hk/exp_n_dir_o_reg[3]/D      -3.476        
i_dsp/genblk3[5].iq/iqfilter[1]/genblk2[0].lpf/delta_reg[21]/C
                               i_dsp/genblk3[5].iq/modulator/secondproduct1/D[2]
                                                              -3.475        
i_dsp/genblk4[7].iq_2_outputs/quadrature_filter_reg[7]_replica_2/C
                               i_dsp/genblk4[7].iq_2_outputs/modulator/q1_product_reg_reg[6]/D
                                                              -3.469        
i_dsp/genblk4[7].iq_2_outputs/quadrature_filter_reg[7]_replica_2/C
                               i_dsp/genblk4[7].iq_2_outputs/modulator/q1_product_reg_reg[5]/D
                                                              -3.462        
i_dsp/genblk3[6].iq/iqfilter[1]/genblk2[0].lpf/y_reg[42]/C
                               i_dsp/genblk3[6].iq/modulator/secondproduct1/D[11]
                                                              -3.439        
i_dsp/genblk3[6].iq/iqfilter[1]/genblk2[0].lpf/y_reg[42]/C
                               i_dsp/genblk3[6].iq/modulator/secondproduct1/D[4]
                                                              -3.416        
i_dsp/genblk4[7].iq_2_outputs/iqfilter[0]/genblk2[0].lpf/y_reg[30]/C
                               i_dsp/genblk4[7].iq_2_outputs/modulator/firstproduct_saturation[1]/psdsp_1/D
                                                              -3.416        
i_dsp/genblk4[7].iq_2_outputs/quadrature_filter_reg[7]_replica_2/C
                               i_dsp/genblk4[7].iq_2_outputs/modulator/q1_product_reg_reg[0]/D
                                                              -3.413        
i_dsp/genblk4[7].iq_2_outputs/quadrature_filter_reg[7]_replica_2/C
                               i_dsp/genblk4[7].iq_2_outputs/modulator/q1_product_reg_reg[2]/D
                                                              -3.411        
i_dsp/genblk4[7].iq_2_outputs/iqfilter[0]/genblk2[0].lpf/y_reg[30]/C
                               i_dsp/genblk4[7].iq_2_outputs/modulator/firstproduct_saturation[1]/psdsp_11/D
                                                              -3.409        
i_dsp/genblk4[7].iq_2_outputs/iqfilter[0]/genblk2[0].lpf/y_reg[30]/C
                               i_dsp/genblk4[7].iq_2_outputs/modulator/firstproduct_saturation[1]/psdsp_4/D
                                                              -3.399        
i_dsp/genblk4[7].iq_2_outputs/iqfilter[0]/genblk2[0].lpf/y_reg[30]/C
                               i_dsp/genblk4[7].iq_2_outputs/modulator/firstproduct_saturation[1]/psdsp_9/D
                                                              -3.387        
i_dsp/genblk3[5].iq/iqfilter[1]/genblk2[0].lpf/delta_reg[21]/C
                               i_dsp/genblk3[5].iq/modulator/secondproduct1/D[1]
                                                              -3.378        
i_dsp/genblk3[6].iq/iqfilter[1]/genblk2[0].lpf/y_reg[42]/C
                               i_dsp/genblk3[6].iq/modulator/secondproduct1/D[8]
                                                              -3.370        
i_ps/axi_slave_gp0/wr_wdata_reg[3]/C
                               i_hk/exp_p_dat_o_reg[3]/D      -3.334        
i_dsp/genblk4[7].iq_2_outputs/quadrature_filter_reg[7]_replica_2/C
                               i_dsp/genblk4[7].iq_2_outputs/modulator/q1_product_reg_reg[7]/D
                                                              -3.329        
i_ps/axi_slave_gp0/wr_wdata_reg[3]/C
                               i_asg/ch[1]/dac_buf_reg_1/DIADI[1]
                                                              -3.321        
i_ps/axi_slave_gp0/wr_wdata_reg[3]/C
                               i_hk/exp_n_dat_o_reg[3]/D      -3.259        
i_ps/axi_slave_gp0/wr_wdata_reg[12]/C
                               i_dsp/genblk3[5].iq/input_filter_reg[12]/D
                                                              -3.205        
i_dsp/genblk3[5].iq/iqfilter[1]/genblk2[0].lpf/delta_reg[21]/C
                               i_dsp/genblk3[5].iq/modulator/q1_product_reg_reg[11]/D
                                                              -3.183        
i_dsp/genblk3[6].iq/quadrature_filter_reg[6]/C
                               i_dsp/genblk3[6].iq/modulator/secondproduct2/B[1]
                                                              -3.170        
i_dsp/genblk4[7].iq_2_outputs/iqfilter[0]/genblk2[0].lpf/y_reg[30]/C
                               i_dsp/genblk4[7].iq_2_outputs/modulator/firstproduct_saturation[1]/psdsp_10/D
                                                              -3.138        
i_dsp/genblk3[5].iq/iqfilter[1]/genblk2[0].lpf/delta_reg[21]/C
                               i_dsp/genblk3[5].iq/modulator/q1_product_reg_reg[10]/D
                                                              -3.110        
i_ps/axi_slave_gp0/wr_wdata_reg[3]/C
                               i_dsp/genblk4[7].iq_2_outputs/quadrature_filter_reg[3]/D
                                                              -3.040        
i_dsp/genblk3[5].iq/iqfilter[1]/genblk2[0].lpf/delta_reg[21]/C
                               i_dsp/genblk3[5].iq/modulator/q1_product_reg_reg[9]/D
                                                              -3.028        
i_dsp/genblk3[5].iq/iqfilter[1]/genblk2[0].lpf/delta_reg[21]/C
                               i_dsp/genblk3[5].iq/modulator/q1_product_reg_reg[8]/D
                                                              -3.026        
i_dsp/genblk4[7].iq_2_outputs/quadrature_filter_reg[7]_replica_2/C
                               i_dsp/genblk4[7].iq_2_outputs/modulator/secondproduct1/D[20]
                                                              -2.995        
i_dsp/genblk3[5].iq/demodulator/product2_reg/CLK
                               i_dsp/genblk3[5].iq/modulator/secondproduct2/B[10]
                                                              -2.978        
i_dsp/genblk4[7].iq_2_outputs/iqfilter[0]/genblk2[0].lpf/y_reg[30]/C
                               i_dsp/genblk4[7].iq_2_outputs/modulator/firstproduct_saturation[1]/psdsp_6/D
                                                              -2.957        
adc_rstn_reg/C                 i_asg/ch[1]/dac_pnt_reg[10]/R  -2.953        
adc_rstn_reg/C                 i_asg/ch[1]/dac_pnt_reg[11]/R  -2.953        
adc_rstn_reg/C                 i_asg/ch[1]/dac_pnt_reg[15]/R  -2.953        
adc_rstn_reg/C                 i_asg/ch[1]/dac_pnt_reg[9]/R   -2.953        
i_ps/axi_slave_gp0/wr_wdata_reg[3]/C
                               i_asg/set_b_amp_reg[3]/D       -2.944        
i_dsp/genblk4[7].iq_2_outputs/iqfilter[0]/genblk2[0].lpf/y_reg[30]/C
                               i_dsp/genblk4[7].iq_2_outputs/modulator/firstproduct_saturation[1]/psdsp_12/D
                                                              -2.934        
i_dsp/genblk3[6].iq/quadrature_filter_reg[6]/C
                               i_dsp/genblk3[6].iq/modulator/secondproduct2/B[2]
                                                              -2.919        
i_dsp/genblk3[5].iq/iqfilter[1]/genblk2[0].lpf/delta_reg[21]/C
                               i_dsp/genblk3[5].iq/modulator/q1_product_reg_reg[0]/D
                                                              -2.905        
i_dsp/genblk3[5].iq/demodulator/product2_reg/CLK
                               i_dsp/genblk3[5].iq/modulator/secondproduct2/B[11]
                                                              -2.902        
i_dsp/genblk3[5].iq/iqfilter[1]/genblk2[0].lpf/delta_reg[21]/C
                               i_dsp/genblk3[5].iq/modulator/q1_product_reg_reg[4]/D
                                                              -2.901        
i_ps/system_i/system_i/axi_protocol_converter_0/inst/gen_axilite.gen_b2s_conv.axilite_b2s/WR.aw_channel_0/cmd_translator_0/s_axburst_eq1_reg/C
                               i_ps/system_i/system_i/axi_protocol_converter_0/inst/gen_axilite.gen_b2s_conv.axilite_b2s/WR.aw_channel_0/cmd_translator_0/incr_cmd_0/axaddr_incr_reg[11]/D
                                                              -1.569        
i_ps/system_i/system_i/xadc/inst/INTR_CTRLR_GEN_I.ip2bus_rdack_reg/C
                               i_ps/system_i/system_i/axi_protocol_converter_0/inst/gen_axilite.gen_b2s_conv.axilite_b2s/RD.ar_channel_0/cmd_translator_0/incr_cmd_0/axaddr_incr_reg[11]/D
                                                              -1.268        
i_ps/system_i/system_i/axi_protocol_converter_0/inst/gen_axilite.gen_b2s_conv.axilite_b2s/RD.ar_channel_0/ar_cmd_fsm_0/state_reg[0]/C
                               i_ps/system_i/system_i/axi_protocol_converter_0/inst/gen_axilite.gen_b2s_conv.axilite_b2s/RD.ar_channel_0/cmd_translator_0/wrap_cmd_0/wrap_second_len_r_reg[0]/D
                                                              -1.020        
i_ps/system_i/system_i/axi_protocol_converter_0/inst/gen_axilite.gen_b2s_conv.axilite_b2s/WR.aw_channel_0/cmd_translator_0/wrap_cmd_0/sel_first_reg/C
                               i_ps/system_i/system_i/xadc/inst/AXI_LITE_IPIF_I/I_SLAVE_ATTACHMENT/I_DECODER/GEN_BKEND_CE_REGISTERS[6].ce_out_i_reg[6]/D
                                                              -0.739        
i_ps/system_i/system_i/axi_protocol_converter_0/inst/gen_axilite.gen_b2s_conv.axilite_b2s/WR.aw_channel_0/cmd_translator_0/wrap_cmd_0/sel_first_reg/C
                               i_ps/system_i/system_i/xadc/inst/AXI_LITE_IPIF_I/I_SLAVE_ATTACHMENT/I_DECODER/GEN_BKEND_CE_REGISTERS[3].ce_out_i_reg[3]/D
                                                              -0.738        
i_ps/system_i/system_i/axi_protocol_converter_0/inst/gen_axilite.gen_b2s_conv.axilite_b2s/WR.aw_channel_0/cmd_translator_0/wrap_cmd_0/sel_first_reg/C
                               i_ps/system_i/system_i/xadc/inst/AXI_LITE_IPIF_I/I_SLAVE_ATTACHMENT/I_DECODER/GEN_BKEND_CE_REGISTERS[4].ce_out_i_reg[4]/D
                                                              -0.734        
i_ps/system_i/system_i/axi_protocol_converter_0/inst/gen_axilite.gen_b2s_conv.axilite_b2s/WR.aw_channel_0/cmd_translator_0/wrap_cmd_0/sel_first_reg/C
                               i_ps/system_i/system_i/xadc/inst/AXI_LITE_IPIF_I/I_SLAVE_ATTACHMENT/I_DECODER/GEN_BKEND_CE_REGISTERS[0].ce_out_i_reg[0]/D
                                                              -0.719        
i_ps/system_i/system_i/axi_protocol_converter_0/inst/gen_axilite.gen_b2s_conv.axilite_b2s/WR.aw_channel_0/cmd_translator_0/wrap_cmd_0/sel_first_reg/C
                               i_ps/system_i/system_i/xadc/inst/AXI_LITE_IPIF_I/I_SLAVE_ATTACHMENT/I_DECODER/GEN_BKEND_CE_REGISTERS[1].ce_out_i_reg[1]/D
                                                              -0.716        
i_ps/system_i/system_i/axi_protocol_converter_0/inst/gen_axilite.gen_b2s_conv.axilite_b2s/WR.aw_channel_0/cmd_translator_0/s_axburst_eq1_reg/C
                               i_ps/system_i/system_i/axi_protocol_converter_0/inst/gen_axilite.gen_b2s_conv.axilite_b2s/WR.aw_channel_0/cmd_translator_0/incr_cmd_0/axaddr_incr_reg[9]/D
                                                              -0.699        
i_ps/system_i/system_i/axi_protocol_converter_0/inst/gen_axilite.gen_b2s_conv.axilite_b2s/RD.r_channel_0/transaction_fifo_0/cnt_read_reg[3]_rep__0/C
                               i_ps/system_i/system_i/axi_protocol_converter_0/inst/gen_axilite.gen_b2s_conv.axilite_b2s/RD.ar_channel_0/s_arid_r_reg[2]/CE
                                                              -0.694        
i_ps/system_i/system_i/axi_protocol_converter_0/inst/gen_axilite.gen_b2s_conv.axilite_b2s/RD.r_channel_0/transaction_fifo_0/cnt_read_reg[3]_rep__0/C
                               i_ps/system_i/system_i/axi_protocol_converter_0/inst/gen_axilite.gen_b2s_conv.axilite_b2s/RD.ar_channel_0/s_arid_r_reg[3]/CE
                                                              -0.694        
i_ps/system_i/system_i/processing_system7/inst/PS7_i/MAXIGP1ACLK
                               i_ps/system_i/system_i/xadc/inst/INTR_CTRLR_GEN_I.ip2bus_wrack_reg/D
                                                              -0.681        
i_ps/system_i/system_i/axi_protocol_converter_0/inst/gen_axilite.gen_b2s_conv.axilite_b2s/RD.r_channel_0/transaction_fifo_0/cnt_read_reg[3]_rep__0/C
                               i_ps/system_i/system_i/axi_protocol_converter_0/inst/gen_axilite.gen_b2s_conv.axilite_b2s/RD.ar_channel_0/s_arid_r_reg[10]/CE
                                                              -0.675        
i_ps/system_i/system_i/axi_protocol_converter_0/inst/gen_axilite.gen_b2s_conv.axilite_b2s/RD.r_channel_0/transaction_fifo_0/cnt_read_reg[3]_rep__0/C
                               i_ps/system_i/system_i/axi_protocol_converter_0/inst/gen_axilite.gen_b2s_conv.axilite_b2s/RD.ar_channel_0/s_arid_r_reg[7]/CE
                                                              -0.675        
i_ps/system_i/system_i/axi_protocol_converter_0/inst/gen_axilite.gen_b2s_conv.axilite_b2s/RD.r_channel_0/transaction_fifo_0/cnt_read_reg[3]_rep__0/C
                               i_ps/system_i/system_i/axi_protocol_converter_0/inst/gen_axilite.gen_b2s_conv.axilite_b2s/RD.ar_channel_0/s_arid_r_reg[8]/CE
                                                              -0.675        
i_ps/system_i/system_i/axi_protocol_converter_0/inst/gen_axilite.gen_b2s_conv.axilite_b2s/RD.r_channel_0/transaction_fifo_0/cnt_read_reg[3]_rep__0/C
                               i_ps/system_i/system_i/axi_protocol_converter_0/inst/gen_axilite.gen_b2s_conv.axilite_b2s/RD.ar_channel_0/s_arid_r_reg[9]/CE
                                                              -0.675        
i_ps/system_i/system_i/axi_protocol_converter_0/inst/gen_axilite.gen_b2s_conv.axilite_b2s/WR.aw_channel_0/cmd_translator_0/wrap_cmd_0/sel_first_reg/C
                               i_ps/system_i/system_i/xadc/inst/AXI_LITE_IPIF_I/I_SLAVE_ATTACHMENT/I_DECODER/GEN_BKEND_CE_REGISTERS[21].ce_out_i_reg[21]/D
                                                              -0.673        
i_ps/system_i/system_i/axi_protocol_converter_0/inst/gen_axilite.gen_b2s_conv.axilite_b2s/SI_REG/aw_pipe/m_payload_i_reg[3]/C
                               i_ps/system_i/system_i/xadc/inst/AXI_XADC_CORE_I/XADC_INST/DADDR[1]
                                                              -0.635        
i_ps/system_i/system_i/axi_protocol_converter_0/inst/gen_axilite.gen_b2s_conv.axilite_b2s/WR.aw_channel_0/cmd_translator_0/wrap_cmd_0/sel_first_reg/C
                               i_ps/system_i/system_i/xadc/inst/AXI_LITE_IPIF_I/I_SLAVE_ATTACHMENT/I_DECODER/GEN_BKEND_CE_REGISTERS[7].ce_out_i_reg[7]/D
                                                              -0.619        
i_ps/system_i/system_i/axi_protocol_converter_0/inst/gen_axilite.gen_b2s_conv.axilite_b2s/WR.aw_channel_0/cmd_translator_0/s_axburst_eq1_reg/C
                               i_ps/system_i/system_i/axi_protocol_converter_0/inst/gen_axilite.gen_b2s_conv.axilite_b2s/WR.aw_channel_0/cmd_translator_0/incr_cmd_0/axaddr_incr_reg[10]/D
                                                              -0.604        
i_ps/system_i/system_i/axi_protocol_converter_0/inst/gen_axilite.gen_b2s_conv.axilite_b2s/WR.aw_channel_0/cmd_translator_0/s_axburst_eq1_reg/C
                               i_ps/system_i/system_i/axi_protocol_converter_0/inst/gen_axilite.gen_b2s_conv.axilite_b2s/WR.aw_channel_0/cmd_translator_0/incr_cmd_0/axaddr_incr_reg[8]/D
                                                              -0.588        
i_ps/system_i/system_i/axi_protocol_converter_0/inst/gen_axilite.gen_b2s_conv.axilite_b2s/WR.aw_channel_0/cmd_translator_0/s_axburst_eq1_reg/C
                               i_ps/system_i/system_i/axi_protocol_converter_0/inst/gen_axilite.gen_b2s_conv.axilite_b2s/WR.aw_channel_0/cmd_translator_0/incr_cmd_0/axaddr_incr_reg[5]/D
                                                              -0.583        
i_ps/system_i/system_i/axi_protocol_converter_0/inst/gen_axilite.gen_b2s_conv.axilite_b2s/WR.aw_channel_0/cmd_translator_0/wrap_cmd_0/sel_first_reg/C
                               i_ps/system_i/system_i/xadc/inst/AXI_LITE_IPIF_I/I_SLAVE_ATTACHMENT/I_DECODER/GEN_BKEND_CE_REGISTERS[23].ce_out_i_reg[23]/D
                                                              -0.572        
i_ps/system_i/system_i/axi_protocol_converter_0/inst/gen_axilite.gen_b2s_conv.axilite_b2s/WR.aw_channel_0/cmd_translator_0/wrap_cmd_0/sel_first_reg/C
                               i_ps/system_i/system_i/xadc/inst/AXI_LITE_IPIF_I/I_SLAVE_ATTACHMENT/I_DECODER/GEN_BKEND_CE_REGISTERS[15].ce_out_i_reg[15]/D
                                                              -0.570        
i_ps/system_i/system_i/axi_protocol_converter_0/inst/gen_axilite.gen_b2s_conv.axilite_b2s/WR.aw_channel_0/cmd_translator_0/s_axburst_eq1_reg/C
                               i_ps/system_i/system_i/axi_protocol_converter_0/inst/gen_axilite.gen_b2s_conv.axilite_b2s/WR.aw_channel_0/cmd_translator_0/incr_cmd_0/axaddr_incr_reg[7]/D
                                                              -0.562        
i_ps/system_i/system_i/axi_protocol_converter_0/inst/gen_axilite.gen_b2s_conv.axilite_b2s/RD.r_channel_0/transaction_fifo_0/cnt_read_reg[3]_rep__0/C
                               i_ps/system_i/system_i/axi_protocol_converter_0/inst/gen_axilite.gen_b2s_conv.axilite_b2s/RD.ar_channel_0/cmd_translator_0/s_axburst_eq0_reg/CE
                                                              -0.558        
i_ps/system_i/system_i/axi_protocol_converter_0/inst/gen_axilite.gen_b2s_conv.axilite_b2s/RD.r_channel_0/transaction_fifo_0/cnt_read_reg[3]_rep__0/C
                               i_ps/system_i/system_i/axi_protocol_converter_0/inst/gen_axilite.gen_b2s_conv.axilite_b2s/RD.ar_channel_0/cmd_translator_0/s_axburst_eq1_reg/CE
                                                              -0.558        
i_ps/system_i/system_i/axi_protocol_converter_0/inst/gen_axilite.gen_b2s_conv.axilite_b2s/WR.b_channel_0/bresp_fifo_0/cnt_read_reg[1]/C
                               i_ps/system_i/system_i/xadc/inst/INTR_CTRLR_GEN_I.ip2bus_data_int_reg[0]/CE
                                                              -0.547        
i_ps/system_i/system_i/axi_protocol_converter_0/inst/gen_axilite.gen_b2s_conv.axilite_b2s/RD.r_channel_0/transaction_fifo_0/cnt_read_reg[3]_rep__0/C
                               i_ps/system_i/system_i/axi_protocol_converter_0/inst/gen_axilite.gen_b2s_conv.axilite_b2s/RD.ar_channel_0/cmd_translator_0/wrap_cmd_0/wrap_cnt_r_reg[0]/CE
                                                              -0.543        
i_ps/system_i/system_i/axi_protocol_converter_0/inst/gen_axilite.gen_b2s_conv.axilite_b2s/RD.r_channel_0/transaction_fifo_0/cnt_read_reg[3]_rep__0/C
                               i_ps/system_i/system_i/axi_protocol_converter_0/inst/gen_axilite.gen_b2s_conv.axilite_b2s/RD.ar_channel_0/cmd_translator_0/wrap_cmd_0/wrap_cnt_r_reg[1]/CE
                                                              -0.543        
i_ps/system_i/system_i/axi_protocol_converter_0/inst/gen_axilite.gen_b2s_conv.axilite_b2s/RD.r_channel_0/transaction_fifo_0/cnt_read_reg[3]_rep__0/C
                               i_ps/system_i/system_i/axi_protocol_converter_0/inst/gen_axilite.gen_b2s_conv.axilite_b2s/RD.ar_channel_0/cmd_translator_0/wrap_cmd_0/wrap_cnt_r_reg[2]/CE
                                                              -0.542        
i_ps/system_i/system_i/axi_protocol_converter_0/inst/gen_axilite.gen_b2s_conv.axilite_b2s/RD.r_channel_0/transaction_fifo_0/cnt_read_reg[3]_rep__0/C
                               i_ps/system_i/system_i/axi_protocol_converter_0/inst/gen_axilite.gen_b2s_conv.axilite_b2s/RD.ar_channel_0/cmd_translator_0/wrap_cmd_0/wrap_cnt_r_reg[3]/CE
                                                              -0.542        
i_ps/system_i/system_i/axi_protocol_converter_0/inst/gen_axilite.gen_b2s_conv.axilite_b2s/WR.b_channel_0/bresp_fifo_0/cnt_read_reg[1]/C
                               i_ps/system_i/system_i/xadc/inst/INTR_CTRLR_GEN_I.ip2bus_data_int_reg[15]/CE
                                                              -0.541        
i_ps/system_i/system_i/axi_protocol_converter_0/inst/gen_axilite.gen_b2s_conv.axilite_b2s/WR.b_channel_0/bresp_fifo_0/cnt_read_reg[1]/C
                               i_ps/system_i/system_i/xadc/inst/INTR_CTRLR_GEN_I.ip2bus_data_int_reg[27]/CE
                                                              -0.541        
i_ps/system_i/system_i/axi_protocol_converter_0/inst/gen_axilite.gen_b2s_conv.axilite_b2s/WR.aw_channel_0/aw_cmd_fsm_0/state_reg[0]/C
                               i_ps/system_i/system_i/axi_protocol_converter_0/inst/gen_axilite.gen_b2s_conv.axilite_b2s/WR.aw_channel_0/cmd_translator_0/wrap_cmd_0/wrap_second_len_r_reg[0]/D
                                                              -0.521        
i_ps/system_i/system_i/axi_protocol_converter_0/inst/gen_axilite.gen_b2s_conv.axilite_b2s/RD.r_channel_0/rd_data_fifo_0/cnt_read_reg[4]_rep__2/C
                               i_ps/system_i/system_i/axi_protocol_converter_0/inst/gen_axilite.gen_b2s_conv.axilite_b2s/RD.r_channel_0/rd_data_fifo_0/cnt_read_reg[4]_rep/D
                                                              -0.515        
i_ps/system_i/system_i/axi_protocol_converter_0/inst/gen_axilite.gen_b2s_conv.axilite_b2s/RD.r_channel_0/rd_data_fifo_0/cnt_read_reg[4]_rep__2/C
                               i_ps/system_i/system_i/axi_protocol_converter_0/inst/gen_axilite.gen_b2s_conv.axilite_b2s/RD.r_channel_0/rd_data_fifo_0/cnt_read_reg[4]_rep__0/D
                                                              -0.513        
i_ps/system_i/system_i/axi_protocol_converter_0/inst/gen_axilite.gen_b2s_conv.axilite_b2s/WR.b_channel_0/bresp_fifo_0/cnt_read_reg[1]/C
                               i_ps/system_i/system_i/xadc/inst/INTR_CTRLR_GEN_I.ip2bus_data_int_reg[16]/CE
                                                              -0.500        
i_ps/system_i/system_i/xadc/inst/INTR_CTRLR_GEN_I.ip2bus_rdack_reg/C
                               i_ps/system_i/system_i/axi_protocol_converter_0/inst/gen_axilite.gen_b2s_conv.axilite_b2s/RD.ar_channel_0/cmd_translator_0/incr_cmd_0/axaddr_incr_reg[9]/D
                                                              -0.499        
i_ps/system_i/system_i/axi_protocol_converter_0/inst/gen_axilite.gen_b2s_conv.axilite_b2s/WR.aw_channel_0/cmd_translator_0/wrap_cmd_0/sel_first_reg/C
                               i_ps/system_i/system_i/xadc/inst/AXI_LITE_IPIF_I/I_SLAVE_ATTACHMENT/I_DECODER/GEN_BKEND_CE_REGISTERS[12].ce_out_i_reg[12]/D
                                                              -0.498        
i_ps/system_i/system_i/axi_protocol_converter_0/inst/gen_axilite.gen_b2s_conv.axilite_b2s/WR.aw_channel_0/cmd_translator_0/wrap_cmd_0/sel_first_reg/C
                               i_ps/system_i/system_i/xadc/inst/AXI_LITE_IPIF_I/I_SLAVE_ATTACHMENT/I_DECODER/GEN_BKEND_CE_REGISTERS[17].ce_out_i_reg[17]/D
                                                              -0.493        
i_ps/system_i/system_i/axi_protocol_converter_0/inst/gen_axilite.gen_b2s_conv.axilite_b2s/WR.b_channel_0/bresp_fifo_0/cnt_read_reg[1]/C
                               i_ps/system_i/system_i/xadc/inst/INTR_CTRLR_GEN_I.ip2bus_data_int_reg[22]/CE
                                                              -0.491        
i_ps/system_i/system_i/axi_protocol_converter_0/inst/gen_axilite.gen_b2s_conv.axilite_b2s/WR.b_channel_0/bresp_fifo_0/cnt_read_reg[1]/C
                               i_ps/system_i/system_i/xadc/inst/INTR_CTRLR_GEN_I.ip2bus_data_int_reg[23]/CE
                                                              -0.491        
i_ps/system_i/system_i/axi_protocol_converter_0/inst/gen_axilite.gen_b2s_conv.axilite_b2s/WR.b_channel_0/bresp_fifo_0/cnt_read_reg[1]/C
                               i_ps/system_i/system_i/xadc/inst/INTR_CTRLR_GEN_I.ip2bus_data_int_reg[24]/CE
                                                              -0.491        
i_ps/system_i/system_i/axi_protocol_converter_0/inst/gen_axilite.gen_b2s_conv.axilite_b2s/WR.aw_channel_0/cmd_translator_0/s_axburst_eq1_reg/C
                               i_ps/system_i/system_i/axi_protocol_converter_0/inst/gen_axilite.gen_b2s_conv.axilite_b2s/WR.aw_channel_0/cmd_translator_0/incr_cmd_0/axaddr_incr_reg[6]/D
                                                              -0.488        
i_ps/system_i/system_i/axi_protocol_converter_0/inst/gen_axilite.gen_b2s_conv.axilite_b2s/WR.aw_channel_0/cmd_translator_0/s_axburst_eq1_reg/C
                               i_ps/system_i/system_i/axi_protocol_converter_0/inst/gen_axilite.gen_b2s_conv.axilite_b2s/WR.aw_channel_0/cmd_translator_0/incr_cmd_0/axaddr_incr_reg[4]/D
                                                              -0.472        
i_ps/system_i/system_i/processing_system7/inst/PS7_i/MAXIGP1ACLK
                               i_ps/system_i/system_i/xadc/inst/SOFT_RESET_I/reset_trig_reg/D
                                                              -0.467        
i_ps/system_i/system_i/axi_protocol_converter_0/inst/gen_axilite.gen_b2s_conv.axilite_b2s/WR.aw_channel_0/cmd_translator_0/wrap_cmd_0/sel_first_reg/C
                               i_ps/system_i/system_i/xadc/inst/AXI_LITE_IPIF_I/I_SLAVE_ATTACHMENT/I_DECODER/GEN_BKEND_CE_REGISTERS[9].ce_out_i_reg[9]/D
                                                              -0.464        
i_ps/system_i/system_i/axi_protocol_converter_0/inst/gen_axilite.gen_b2s_conv.axilite_b2s/WR.aw_channel_0/cmd_translator_0/wrap_cmd_0/sel_first_reg/C
                               i_ps/system_i/system_i/xadc/inst/AXI_LITE_IPIF_I/I_SLAVE_ATTACHMENT/I_DECODER/GEN_BKEND_CE_REGISTERS[22].ce_out_i_reg[22]/D
                                                              -0.460        
i_ps/system_i/system_i/axi_protocol_converter_0/inst/gen_axilite.gen_b2s_conv.axilite_b2s/WR.b_channel_0/bresp_fifo_0/cnt_read_reg[1]/C
                               i_ps/system_i/system_i/xadc/inst/INTR_CTRLR_GEN_I.ip2bus_data_int_reg[25]/CE
                                                              -0.460        
i_ps/system_i/system_i/axi_protocol_converter_0/inst/gen_axilite.gen_b2s_conv.axilite_b2s/WR.b_channel_0/bresp_fifo_0/cnt_read_reg[1]/C
                               i_ps/system_i/system_i/xadc/inst/INTR_CTRLR_GEN_I.ip2bus_data_int_reg[29]/CE
                                                              -0.460        
i_ps/system_i/system_i/axi_protocol_converter_0/inst/gen_axilite.gen_b2s_conv.axilite_b2s/WR.aw_channel_0/cmd_translator_0/wrap_cmd_0/sel_first_reg/C
                               i_ps/system_i/system_i/xadc/inst/AXI_LITE_IPIF_I/I_SLAVE_ATTACHMENT/I_DECODER/GEN_BKEND_CE_REGISTERS[11].ce_out_i_reg[11]/D
                                                              -0.459        
i_ps/system_i/system_i/axi_protocol_converter_0/inst/gen_axilite.gen_b2s_conv.axilite_b2s/RD.r_channel_0/transaction_fifo_0/cnt_read_reg[3]_rep__0/C
                               i_ps/system_i/system_i/axi_protocol_converter_0/inst/gen_axilite.gen_b2s_conv.axilite_b2s/RD.ar_channel_0/s_arid_r_reg[11]/CE
                                                              -0.450        
i_ps/system_i/system_i/axi_protocol_converter_0/inst/gen_axilite.gen_b2s_conv.axilite_b2s/RD.r_channel_0/transaction_fifo_0/cnt_read_reg[3]_rep__0/C
                               i_ps/system_i/system_i/axi_protocol_converter_0/inst/gen_axilite.gen_b2s_conv.axilite_b2s/RD.ar_channel_0/s_arid_r_reg[1]/CE
                                                              -0.450        
i_ps/system_i/system_i/axi_protocol_converter_0/inst/gen_axilite.gen_b2s_conv.axilite_b2s/RD.r_channel_0/transaction_fifo_0/cnt_read_reg[3]_rep__0/C
                               i_ps/system_i/system_i/axi_protocol_converter_0/inst/gen_axilite.gen_b2s_conv.axilite_b2s/RD.ar_channel_0/s_arid_r_reg[4]/CE
                                                              -0.450        
i_ps/system_i/system_i/axi_protocol_converter_0/inst/gen_axilite.gen_b2s_conv.axilite_b2s/RD.r_channel_0/transaction_fifo_0/cnt_read_reg[3]_rep__0/C
                               i_ps/system_i/system_i/axi_protocol_converter_0/inst/gen_axilite.gen_b2s_conv.axilite_b2s/RD.ar_channel_0/s_arid_r_reg[6]/CE
                                                              -0.450        
i_ps/system_i/system_i/axi_protocol_converter_0/inst/gen_axilite.gen_b2s_conv.axilite_b2s/RD.ar_channel_0/ar_cmd_fsm_0/state_reg[0]/C
                               i_ps/system_i/system_i/axi_protocol_converter_0/inst/gen_axilite.gen_b2s_conv.axilite_b2s/RD.ar_channel_0/cmd_translator_0/wrap_cmd_0/wrap_cnt_r_reg[0]/D
                                                              -0.441        
pwm[2]/v_r_reg[3]/C            pwm[2]/pwm_o_reg/D             -0.419        
i_ps/system_i/system_i/xadc/inst/INTR_CTRLR_GEN_I.ip2bus_rdack_reg/C
                               i_ps/system_i/system_i/axi_protocol_converter_0/inst/gen_axilite.gen_b2s_conv.axilite_b2s/RD.ar_channel_0/cmd_translator_0/incr_cmd_0/axaddr_incr_reg[10]/D
                                                              -0.415        
i_ps/system_i/system_i/axi_protocol_converter_0/inst/gen_axilite.gen_b2s_conv.axilite_b2s/WR.aw_channel_0/cmd_translator_0/wrap_cmd_0/sel_first_reg/C
                               i_ps/system_i/system_i/xadc/inst/AXI_LITE_IPIF_I/I_SLAVE_ATTACHMENT/I_DECODER/GEN_BKEND_CE_REGISTERS[5].ce_out_i_reg[5]/D
                                                              -0.404        
i_ps/system_i/system_i/axi_protocol_converter_0/inst/gen_axilite.gen_b2s_conv.axilite_b2s/WR.aw_channel_0/cmd_translator_0/wrap_cmd_0/sel_first_reg/C
                               i_ps/system_i/system_i/xadc/inst/AXI_LITE_IPIF_I/I_SLAVE_ATTACHMENT/I_DECODER/GEN_BKEND_CE_REGISTERS[2].ce_out_i_reg[2]/D
                                                              -0.403        
i_ps/system_i/system_i/xadc/inst/INTR_CTRLR_GEN_I.ip2bus_rdack_reg/C
                               i_ps/system_i/system_i/axi_protocol_converter_0/inst/gen_axilite.gen_b2s_conv.axilite_b2s/RD.ar_channel_0/cmd_translator_0/incr_cmd_0/axaddr_incr_reg[8]/D
                                                              -0.395        
i_ps/system_i/system_i/axi_protocol_converter_0/inst/gen_axilite.gen_b2s_conv.axilite_b2s/WR.aw_channel_0/cmd_translator_0/wrap_cmd_0/sel_first_reg/C
                               i_ps/system_i/system_i/xadc/inst/AXI_LITE_IPIF_I/I_SLAVE_ATTACHMENT/I_DECODER/GEN_BKEND_CE_REGISTERS[8].ce_out_i_reg[8]/D
                                                              -0.394        
i_ps/system_i/system_i/xadc/inst/INTR_CTRLR_GEN_I.ip2bus_rdack_reg/C
                               i_ps/system_i/system_i/axi_protocol_converter_0/inst/gen_axilite.gen_b2s_conv.axilite_b2s/RD.ar_channel_0/cmd_translator_0/incr_cmd_0/axaddr_incr_reg[5]/D
                                                              -0.378        
i_ps/system_i/system_i/axi_protocol_converter_0/inst/gen_axilite.gen_b2s_conv.axilite_b2s/RD.ar_channel_0/ar_cmd_fsm_0/state_reg[0]/C
                               i_ps/system_i/system_i/axi_protocol_converter_0/inst/gen_axilite.gen_b2s_conv.axilite_b2s/RD.ar_channel_0/cmd_translator_0/wrap_cmd_0/wrap_cnt_r_reg[3]/D
                                                              -0.373        
i_ps/system_i/system_i/xadc/inst/INTR_CTRLR_GEN_I.ip2bus_rdack_reg/C
                               i_ps/system_i/system_i/axi_protocol_converter_0/inst/gen_axilite.gen_b2s_conv.axilite_b2s/RD.ar_channel_0/cmd_translator_0/incr_cmd_0/axaddr_incr_reg[7]/D
                                                              -0.370        
i_ps/system_i/system_i/axi_protocol_converter_0/inst/gen_axilite.gen_b2s_conv.axilite_b2s/WR.b_channel_0/bresp_fifo_0/cnt_read_reg[1]/C
                               i_ps/system_i/system_i/xadc/inst/INTR_CTRLR_GEN_I.ip2bus_data_int_reg[17]/CE
                                                              -0.357        
i_ps/system_i/system_i/axi_protocol_converter_0/inst/gen_axilite.gen_b2s_conv.axilite_b2s/WR.b_channel_0/bresp_fifo_0/cnt_read_reg[1]/C
                               i_ps/system_i/system_i/xadc/inst/INTR_CTRLR_GEN_I.ip2bus_data_int_reg[18]/CE
                                                              -0.357        
i_ps/system_i/system_i/axi_protocol_converter_0/inst/gen_axilite.gen_b2s_conv.axilite_b2s/WR.b_channel_0/bresp_fifo_0/cnt_read_reg[1]/C
                               i_ps/system_i/system_i/xadc/inst/INTR_CTRLR_GEN_I.ip2bus_data_int_reg[19]/CE
                                                              -0.357        
i_ps/system_i/system_i/axi_protocol_converter_0/inst/gen_axilite.gen_b2s_conv.axilite_b2s/WR.b_channel_0/bresp_fifo_0/cnt_read_reg[1]/C
                               i_ps/system_i/system_i/xadc/inst/INTR_CTRLR_GEN_I.ip2bus_data_int_reg[20]/CE
                                                              -0.357        
i_ps/system_i/system_i/axi_protocol_converter_0/inst/gen_axilite.gen_b2s_conv.axilite_b2s/WR.aw_channel_0/aw_cmd_fsm_0/state_reg[0]/C
                               i_ps/system_i/system_i/axi_protocol_converter_0/inst/gen_axilite.gen_b2s_conv.axilite_b2s/WR.aw_channel_0/cmd_translator_0/wrap_cmd_0/wrap_cnt_r_reg[2]/D
                                                              -0.352        
i_ps/system_i/system_i/axi_protocol_converter_0/inst/gen_axilite.gen_b2s_conv.axilite_b2s/WR.aw_channel_0/cmd_translator_0/s_axburst_eq1_reg/C
                               i_ps/system_i/system_i/axi_protocol_converter_0/inst/gen_axilite.gen_b2s_conv.axilite_b2s/WR.aw_channel_0/s_awid_r_reg[0]/CE
                                                              -0.349        
i_ps/system_i/system_i/axi_protocol_converter_0/inst/gen_axilite.gen_b2s_conv.axilite_b2s/WR.aw_channel_0/cmd_translator_0/s_axburst_eq1_reg/C
                               i_ps/system_i/system_i/axi_protocol_converter_0/inst/gen_axilite.gen_b2s_conv.axilite_b2s/WR.aw_channel_0/s_awid_r_reg[11]/CE
                                                              -0.349        
i_ps/system_i/system_i/axi_protocol_converter_0/inst/gen_axilite.gen_b2s_conv.axilite_b2s/WR.aw_channel_0/cmd_translator_0/s_axburst_eq1_reg/C
                               i_ps/system_i/system_i/axi_protocol_converter_0/inst/gen_axilite.gen_b2s_conv.axilite_b2s/WR.aw_channel_0/s_awid_r_reg[1]/CE
                                                              -0.349        
i_ps/system_i/system_i/axi_protocol_converter_0/inst/gen_axilite.gen_b2s_conv.axilite_b2s/WR.aw_channel_0/cmd_translator_0/s_axburst_eq1_reg/C
                               i_ps/system_i/system_i/axi_protocol_converter_0/inst/gen_axilite.gen_b2s_conv.axilite_b2s/WR.aw_channel_0/s_awid_r_reg[2]/CE
                                                              -0.349        
i_ps/system_i/system_i/axi_protocol_converter_0/inst/gen_axilite.gen_b2s_conv.axilite_b2s/WR.aw_channel_0/cmd_translator_0/s_axburst_eq1_reg/C
                               i_ps/system_i/system_i/axi_protocol_converter_0/inst/gen_axilite.gen_b2s_conv.axilite_b2s/WR.aw_channel_0/s_awid_r_reg[7]/CE
                                                              -0.349        
i_ps/system_i/system_i/axi_protocol_converter_0/inst/gen_axilite.gen_b2s_conv.axilite_b2s/WR.aw_channel_0/cmd_translator_0/s_axburst_eq1_reg/C
                               i_ps/system_i/system_i/axi_protocol_converter_0/inst/gen_axilite.gen_b2s_conv.axilite_b2s/WR.aw_channel_0/s_awid_r_reg[8]/CE
                                                              -0.349        
i_ps/system_i/system_i/axi_protocol_converter_0/inst/gen_axilite.gen_b2s_conv.axilite_b2s/WR.aw_channel_0/cmd_translator_0/s_axburst_eq1_reg/C
                               i_ps/system_i/system_i/axi_protocol_converter_0/inst/gen_axilite.gen_b2s_conv.axilite_b2s/WR.aw_channel_0/s_awid_r_reg[9]/CE
                                                              -0.349        
i_ps/system_i/system_i/axi_protocol_converter_0/inst/gen_axilite.gen_b2s_conv.axilite_b2s/WR.aw_channel_0/cmd_translator_0/wrap_cmd_0/sel_first_reg/C
                               i_ps/system_i/system_i/xadc/inst/AXI_XADC_CORE_I/XADC_INST/DADDR[4]
                                                              -0.348        
i_ps/system_i/system_i/axi_protocol_converter_0/inst/gen_axilite.gen_b2s_conv.axilite_b2s/WR.aw_channel_0/cmd_translator_0/wrap_cmd_0/sel_first_reg/C
                               i_ps/system_i/system_i/xadc/inst/AXI_LITE_IPIF_I/I_SLAVE_ATTACHMENT/I_DECODER/GEN_BKEND_CE_REGISTERS[14].ce_out_i_reg[14]/D
                                                              -0.344        
i_ps/system_i/system_i/axi_protocol_converter_0/inst/gen_axilite.gen_b2s_conv.axilite_b2s/WR.aw_channel_0/cmd_translator_0/wrap_cmd_0/sel_first_reg/C
                               i_ps/system_i/system_i/xadc/inst/AXI_LITE_IPIF_I/I_SLAVE_ATTACHMENT/I_DECODER/GEN_BKEND_CE_REGISTERS[13].ce_out_i_reg[13]/D
                                                              -0.342        
i_ps/system_i/system_i/axi_protocol_converter_0/inst/gen_axilite.gen_b2s_conv.axilite_b2s/WR.b_channel_0/bresp_fifo_0/cnt_read_reg[1]/C
                               i_ps/system_i/system_i/xadc/inst/INTR_CTRLR_GEN_I.ip2bus_data_int_reg[21]/CE
                                                              -0.337        
i_ps/system_i/system_i/axi_protocol_converter_0/inst/gen_axilite.gen_b2s_conv.axilite_b2s/WR.b_channel_0/bresp_fifo_0/cnt_read_reg[1]/C
                               i_ps/system_i/system_i/xadc/inst/INTR_CTRLR_GEN_I.ip2bus_data_int_reg[26]/CE
                                                              -0.337        
i_ps/system_i/system_i/axi_protocol_converter_0/inst/gen_axilite.gen_b2s_conv.axilite_b2s/WR.b_channel_0/bresp_fifo_0/cnt_read_reg[1]/C
                               i_ps/system_i/system_i/xadc/inst/INTR_CTRLR_GEN_I.ip2bus_data_int_reg[30]/CE
                                                              -0.337        
i_ps/system_i/system_i/axi_protocol_converter_0/inst/gen_axilite.gen_b2s_conv.axilite_b2s/WR.b_channel_0/bresp_fifo_0/cnt_read_reg[1]/C
                               i_ps/system_i/system_i/xadc/inst/INTR_CTRLR_GEN_I.ip2bus_data_int_reg[31]/CE
                                                              -0.337        
i_ps/system_i/system_i/axi_protocol_converter_0/inst/gen_axilite.gen_b2s_conv.axilite_b2s/WR.aw_channel_0/aw_cmd_fsm_0/state_reg[0]/C
                               i_ps/system_i/system_i/axi_protocol_converter_0/inst/gen_axilite.gen_b2s_conv.axilite_b2s/WR.aw_channel_0/cmd_translator_0/wrap_cmd_0/wrap_cnt_r_reg[3]/D
                                                              -0.336        
i_ps/system_i/system_i/axi_protocol_converter_0/inst/gen_axilite.gen_b2s_conv.axilite_b2s/WR.aw_channel_0/cmd_translator_0/s_axburst_eq1_reg/C
                               i_ps/system_i/system_i/axi_protocol_converter_0/inst/gen_axilite.gen_b2s_conv.axilite_b2s/WR.aw_channel_0/s_awid_r_reg[6]/CE
                                                              -0.330        
i_ps/system_i/system_i/axi_protocol_converter_0/inst/gen_axilite.gen_b2s_conv.axilite_b2s/RD.r_channel_0/transaction_fifo_0/cnt_read_reg[3]_rep__0/C
                               i_ps/system_i/system_i/axi_protocol_converter_0/inst/gen_axilite.gen_b2s_conv.axilite_b2s/RD.ar_channel_0/s_arid_r_reg[0]/CE
                                                              -0.326        
i_ps/system_i/system_i/axi_protocol_converter_0/inst/gen_axilite.gen_b2s_conv.axilite_b2s/RD.r_channel_0/transaction_fifo_0/cnt_read_reg[3]_rep__0/C
                               i_ps/system_i/system_i/axi_protocol_converter_0/inst/gen_axilite.gen_b2s_conv.axilite_b2s/RD.ar_channel_0/s_arid_r_reg[5]/CE
                                                              -0.326        
i_ps/system_i/system_i/axi_protocol_converter_0/inst/gen_axilite.gen_b2s_conv.axilite_b2s/WR.aw_channel_0/cmd_translator_0/wrap_cmd_0/sel_first_reg/C
                               i_ps/system_i/system_i/xadc/inst/AXI_LITE_IPIF_I/I_SLAVE_ATTACHMENT/I_DECODER/GEN_BKEND_CE_REGISTERS[19].ce_out_i_reg[19]/D
                                                              -0.319        
i_ps/system_i/system_i/axi_protocol_converter_0/inst/gen_axilite.gen_b2s_conv.axilite_b2s/RD.ar_channel_0/ar_cmd_fsm_0/state_reg[0]/C
                               i_ps/system_i/system_i/axi_protocol_converter_0/inst/gen_axilite.gen_b2s_conv.axilite_b2s/RD.ar_channel_0/cmd_translator_0/wrap_cmd_0/wrap_cnt_r_reg[2]/D
                                                              -0.319        
i_ps/system_i/system_i/axi_protocol_converter_0/inst/gen_axilite.gen_b2s_conv.axilite_b2s/WR.aw_channel_0/cmd_translator_0/wrap_cmd_0/sel_first_reg/C
                               i_ps/system_i/system_i/xadc/inst/AXI_XADC_CORE_I/XADC_INST/DADDR[2]
                                                              -0.308        
i_ps/system_i/system_i/axi_protocol_converter_0/inst/gen_axilite.gen_b2s_conv.axilite_b2s/RD.r_channel_0/rd_data_fifo_0/cnt_read_reg[4]_rep__2/C
                               i_ps/system_i/system_i/axi_protocol_converter_0/inst/gen_axilite.gen_b2s_conv.axilite_b2s/RD.r_channel_0/rd_data_fifo_0/cnt_read_reg[4]_rep__1/D
                                                              -0.306        
i_ps/system_i/system_i/axi_protocol_converter_0/inst/gen_axilite.gen_b2s_conv.axilite_b2s/WR.aw_channel_0/cmd_translator_0/wrap_cmd_0/sel_first_reg/C
                               i_ps/system_i/system_i/xadc/inst/AXI_LITE_IPIF_I/I_SLAVE_ATTACHMENT/I_DECODER/GEN_BKEND_CE_REGISTERS[20].ce_out_i_reg[20]/D
                                                              -0.301        
i_ps/system_i/system_i/axi_protocol_converter_0/inst/gen_axilite.gen_b2s_conv.axilite_b2s/WR.b_channel_0/bresp_fifo_0/cnt_read_reg[1]/C
                               i_ps/system_i/system_i/xadc/inst/INTR_CTRLR_GEN_I.ip2bus_data_int_reg[14]/CE
                                                              -0.298        
i_ps/system_i/system_i/axi_protocol_converter_0/inst/gen_axilite.gen_b2s_conv.axilite_b2s/WR.b_channel_0/bresp_fifo_0/cnt_read_reg[1]/C
                               i_ps/system_i/system_i/xadc/inst/INTR_CTRLR_GEN_I.ip2bus_data_int_reg[28]/CE
                                                              -0.298        
i_ps/system_i/system_i/xadc/inst/INTR_CTRLR_GEN_I.ip2bus_rdack_reg/C
                               i_ps/system_i/system_i/axi_protocol_converter_0/inst/gen_axilite.gen_b2s_conv.axilite_b2s/RD.ar_channel_0/cmd_translator_0/incr_cmd_0/axaddr_incr_reg[6]/D
                                                              -0.294        
i_ps/system_i/system_i/axi_protocol_converter_0/inst/gen_axilite.gen_b2s_conv.axilite_b2s/WR.aw_channel_0/aw_cmd_fsm_0/state_reg[0]/C
                               i_ps/system_i/system_i/axi_protocol_converter_0/inst/gen_axilite.gen_b2s_conv.axilite_b2s/WR.aw_channel_0/cmd_translator_0/wrap_cmd_0/wrap_cnt_r_reg[1]/D
                                                              -0.280        
i_ps/system_i/system_i/axi_protocol_converter_0/inst/gen_axilite.gen_b2s_conv.axilite_b2s/WR.aw_channel_0/cmd_translator_0/incr_cmd_0/sel_first_reg/C
                               i_ps/system_i/system_i/xadc/inst/AXI_XADC_CORE_I/XADC_INST/DADDR[0]
                                                              -0.277        
i_ps/system_i/system_i/axi_protocol_converter_0/inst/gen_axilite.gen_b2s_conv.axilite_b2s/WR.aw_channel_0/cmd_translator_0/wrap_cmd_0/sel_first_reg/C
                               i_ps/system_i/system_i/xadc/inst/AXI_LITE_IPIF_I/I_SLAVE_ATTACHMENT/I_DECODER/GEN_BKEND_CE_REGISTERS[10].ce_out_i_reg[10]/D
                                                              -0.275        
i_ps/system_i/system_i/xadc/inst/INTR_CTRLR_GEN_I.ip2bus_rdack_reg/C
                               i_ps/system_i/system_i/axi_protocol_converter_0/inst/gen_axilite.gen_b2s_conv.axilite_b2s/RD.ar_channel_0/cmd_translator_0/incr_cmd_0/axaddr_incr_reg[4]/D
                                                              -0.274        
pwm[0]/vcnt_r_reg[1]/C         pwm[0]/pwm_o_reg/D             -0.162        
pwm[1]/v_r_reg[5]/C            pwm[1]/pwm_o_reg/D             -0.124        
pwm[3]/v_r_reg[2]/C            pwm[3]/pwm_o_reg/D             -0.024        
pwm[3]/vcnt_reg[2]/C           pwm[3]/b_reg[0]/CE             0.147         
pwm[3]/vcnt_reg[2]/C           pwm[3]/b_reg[1]/CE             0.147         
pwm[3]/vcnt_reg[2]/C           pwm[3]/b_reg[2]/CE             0.147         
pwm[0]/bcnt_reg[1]/C           pwm[0]/v_reg[0]/CE             0.152         
pwm[0]/bcnt_reg[1]/C           pwm[0]/v_reg[1]/CE             0.152         
pwm[0]/bcnt_reg[1]/C           pwm[0]/v_reg[2]/CE             0.152         
pwm[0]/bcnt_reg[1]/C           pwm[0]/v_reg[3]/CE             0.152         
pwm[0]/bcnt_reg[1]/C           pwm[0]/v_reg[4]/CE             0.152         
pwm[0]/bcnt_reg[1]/C           pwm[0]/v_reg[5]/CE             0.152         
pwm[0]/bcnt_reg[1]/C           pwm[0]/v_reg[6]/CE             0.152         
pwm[0]/bcnt_reg[1]/C           pwm[0]/v_reg[7]/CE             0.152         
pwm_rstn_reg/C                 pwm[2]/pwm_o_reg/R             0.245         
pwm[3]/vcnt_reg[2]/C           pwm[3]/b_reg[12]/CE            0.326         
pwm[3]/vcnt_reg[2]/C           pwm[3]/b_reg[13]/CE            0.326         
pwm[3]/vcnt_reg[2]/C           pwm[3]/b_reg[14]/CE            0.326         
pwm[3]/vcnt_reg[2]/C           pwm[3]/b_reg[6]/CE             0.326         
pwm[3]/vcnt_reg[2]/C           pwm[3]/b_reg[3]/CE             0.336         
pwm[3]/vcnt_reg[2]/C           pwm[3]/b_reg[4]/CE             0.336         
pwm[3]/vcnt_reg[2]/C           pwm[3]/b_reg[5]/CE             0.336         
pwm[3]/vcnt_reg[2]/C           pwm[3]/b_reg[7]/CE             0.336         
pwm[3]/vcnt_reg[2]/C           pwm[3]/b_reg[10]/CE            0.357         
pwm[3]/vcnt_reg[2]/C           pwm[3]/b_reg[11]/CE            0.357         
pwm[3]/vcnt_reg[2]/C           pwm[3]/b_reg[8]/CE             0.357         
pwm[3]/vcnt_reg[2]/C           pwm[3]/b_reg[9]/CE             0.357         
pwm_rstn_reg/C                 pwm[0]/bcnt_reg[0]/R           0.427         
pwm_rstn_reg/C                 pwm[0]/bcnt_reg[1]/R           0.427         
pwm[0]/vcnt_reg[4]/C           pwm[0]/b_reg[1]/CE             0.449         
pwm[0]/vcnt_reg[4]/C           pwm[0]/b_reg[2]/CE             0.449         
pwm[0]/vcnt_reg[4]/C           pwm[0]/b_reg[4]/CE             0.449         
pwm[0]/vcnt_reg[4]/C           pwm[0]/b_reg[6]/CE             0.449         
pwm[3]/bcnt_reg[3]/C           pwm[3]/v_reg[2]/CE             0.462         
i_ams/dac_c_o_reg[16]/C        pwm[2]/v_reg[0]/D              0.463         
pwm_rstn_reg/C                 pwm[0]/bcnt_reg[2]/R           0.525         
pwm_rstn_reg/C                 pwm[0]/bcnt_reg[3]/R           0.525         
pwm[0]/vcnt_reg[4]/C           pwm[0]/bcnt_reg[2]/CE          0.542         
pwm[0]/vcnt_reg[4]/C           pwm[0]/bcnt_reg[3]/CE          0.542         
pwm_rstn_reg/C                 pwm[1]/b_reg[12]/CE            0.558         
pwm_rstn_reg/C                 pwm[1]/b_reg[13]/CE            0.558         
pwm_rstn_reg/C                 pwm[1]/b_reg[14]/CE            0.558         
pwm_rstn_reg/C                 pwm[0]/pwm_o_reg/R             0.567         
pwm[0]/vcnt_reg[4]/C           pwm[0]/b_reg[11]/CE            0.583         
pwm[0]/vcnt_reg[4]/C           pwm[0]/b_reg[12]/CE            0.583         
pwm[0]/vcnt_reg[4]/C           pwm[0]/b_reg[0]/CE             0.590         
pwm[0]/vcnt_reg[4]/C           pwm[0]/b_reg[10]/CE            0.590         
pwm[0]/vcnt_reg[4]/C           pwm[0]/b_reg[13]/CE            0.590         
pwm[0]/vcnt_reg[4]/C           pwm[0]/b_reg[14]/CE            0.590         
pwm[0]/vcnt_reg[4]/C           pwm[0]/b_reg[5]/CE             0.590         
pwm[2]/vcnt_reg[1]/C           pwm[2]/b_reg[1]/CE             0.592         
pwm[2]/vcnt_reg[1]/C           pwm[2]/b_reg[2]/CE             0.592         
pwm[2]/vcnt_reg[1]/C           pwm[2]/b_reg[3]/CE             0.592         
i_ams/dac_c_o_reg[11]/C        pwm[2]/b_reg[11]/D             0.593         
dac_rst_reg/C                  oddr_dac_dat[1]/R              0.593         
dac_rst_reg/C                  oddr_dac_dat[0]/R              0.594         
i_ams/dac_c_o_reg[4]/C         pwm[2]/b_reg[4]/D              0.600         
pwm[0]/vcnt_reg[4]/C           pwm[0]/bcnt_reg[0]/CE          0.629         
pwm[0]/vcnt_reg[4]/C           pwm[0]/bcnt_reg[1]/CE          0.629         
dac_rst_reg/C                  oddr_dac_dat[3]/R              0.640         
dac_rst_reg/C                  oddr_dac_dat[11]/R             0.649         
dac_rst_reg/C                  oddr_dac_dat[10]/R             0.650         
pwm[2]/vcnt_reg[1]/C           pwm[2]/b_reg[0]/CE             0.654         
pwm[2]/vcnt_reg[1]/C           pwm[2]/b_reg[12]/CE            0.654         
pwm[2]/vcnt_reg[1]/C           pwm[2]/b_reg[13]/CE            0.654         
pwm[2]/vcnt_reg[1]/C           pwm[2]/b_reg[14]/CE            0.654         
pwm_rstn_reg/C                 pwm[3]/pwm_o_reg/R             0.663         
pwm_rstn_reg/C                 pwm[0]/vcnt_reg[5]/R           0.669         
pwm_rstn_reg/C                 pwm[0]/vcnt_reg[6]/R           0.669         
pwm_rstn_reg/C                 pwm[0]/vcnt_reg[7]/R           0.669         
pwm[2]/vcnt_reg[1]/C           pwm[2]/b_reg[5]/CE             0.681         
pwm[2]/vcnt_reg[1]/C           pwm[2]/b_reg[6]/CE             0.681         
pwm[2]/vcnt_reg[1]/C           pwm[2]/b_reg[7]/CE             0.681         
pwm[2]/vcnt_reg[1]/C           pwm[2]/b_reg[8]/CE             0.681         
pwm_rstn_reg/C                 pwm[1]/b_reg[10]/CE            0.681         
pwm_rstn_reg/C                 pwm[1]/b_reg[11]/CE            0.681         
pwm_rstn_reg/C                 pwm[1]/b_reg[4]/CE             0.681         
pwm_rstn_reg/C                 pwm[1]/b_reg[5]/CE             0.681         
dac_rst_reg/C                  oddr_dac_dat[2]/R              0.688         
pwm_rstn_reg/C                 pwm[1]/b_reg[0]/CE             0.688         
pwm_rstn_reg/C                 pwm[1]/b_reg[1]/CE             0.688         
pwm_rstn_reg/C                 pwm[1]/b_reg[2]/CE             0.688         
pwm_rstn_reg/C                 pwm[1]/b_reg[3]/CE             0.688         
pwm[3]/bcnt_reg[3]/C           pwm[3]/v_reg[1]/CE             0.692         
pwm[3]/bcnt_reg[3]/C           pwm[3]/v_reg[3]/CE             0.692         
pwm[3]/bcnt_reg[3]/C           pwm[3]/v_reg[7]/CE             0.692         
dac_rst_reg/C                  oddr_dac_dat[7]/R              0.701         
i_ams/dac_d_o_reg[12]/C        pwm[3]/b_reg[12]/D             0.708         
i_ams/dac_c_o_reg[15]/C        pwm[2]/b_reg[15]/D             0.716         
i_ams/dac_c_o_reg[7]/C         pwm[2]/b_reg[7]/D              0.723         
pwm_rstn_reg/C                 pwm[1]/b_reg[6]/CE             0.726         
pwm_rstn_reg/C                 pwm[1]/b_reg[7]/CE             0.726         
pwm_rstn_reg/C                 pwm[1]/b_reg[8]/CE             0.726         
pwm_rstn_reg/C                 pwm[1]/b_reg[9]/CE             0.726         
pwm[3]/vcnt_reg[2]/C           pwm[3]/b_reg[15]/CE            0.727         
pwm[3]/bcnt_reg[3]/C           pwm[3]/v_reg[0]/CE             0.738         
pwm[3]/bcnt_reg[3]/C           pwm[3]/v_reg[4]/CE             0.738         
pwm[3]/bcnt_reg[3]/C           pwm[3]/v_reg[5]/CE             0.738         
pwm[3]/bcnt_reg[3]/C           pwm[3]/v_reg[6]/CE             0.738         
dac_rst_reg/C                  oddr_dac_dat[6]/R              0.749         
pwm[3]/vcnt_reg[2]/C           pwm[3]/bcnt_reg[0]/CE          0.750         
pwm[3]/vcnt_reg[2]/C           pwm[3]/bcnt_reg[1]/CE          0.750         
pwm[3]/vcnt_reg[2]/C           pwm[3]/bcnt_reg[2]/CE          0.750         
pwm[3]/vcnt_reg[2]/C           pwm[3]/bcnt_reg[3]/CE          0.750         
pwm[0]/vcnt_reg[4]/C           pwm[0]/b_reg[3]/CE             0.769         
pwm[0]/vcnt_reg[4]/C           pwm[0]/b_reg[7]/CE             0.769         
pwm[0]/vcnt_reg[4]/C           pwm[0]/b_reg[8]/CE             0.769         
dac_rst_reg/C                  oddr_dac_dat[4]/R              0.776         
dac_rst_reg/C                  oddr_dac_dat[5]/R              0.795         
dac_rst_reg/C                  oddr_dac_dat[13]/R             0.805         
dac_rst_reg/C                  oddr_dac_dat[8]/R              0.842         
dac_rst_reg/C                  oddr_dac_dat[9]/R              0.860         
dac_rst_reg/C                  oddr_dac_dat[12]/R             0.944         
dac_rst_reg/C                  oddr_dac_sel/R                 1.010         
dac_dat_a_reg[12]/C            oddr_dac_dat[12]/D2            1.667         
dac_dat_a_reg[11]/C            oddr_dac_dat[11]/D2            1.787         
dac_dat_a_reg[13]/C            oddr_dac_dat[13]/D2            1.831         
dac_dat_a_reg[7]/C             oddr_dac_dat[7]/D2             1.855         
dac_dat_a_reg[8]/C             oddr_dac_dat[8]/D2             1.866         
dac_dat_a_reg[1]/C             oddr_dac_dat[1]/D2             1.900         
dac_dat_a_reg[4]/C             oddr_dac_dat[4]/D2             1.903         
dac_dat_a_reg[9]/C             oddr_dac_dat[9]/D2             1.938         
dac_dat_a_reg[6]/C             oddr_dac_dat[6]/D2             1.939         
dac_dat_a_reg[10]/C            oddr_dac_dat[10]/D2            1.970         
dac_rst_reg/C                  oddr_dac_rst/D2                2.021         
dac_dat_a_reg[5]/C             oddr_dac_dat[5]/D2             2.025         
dac_dat_a_reg[0]/C             oddr_dac_dat[0]/D2             2.045         
dac_dat_a_reg[2]/C             oddr_dac_dat[2]/D2             2.045         
dac_dat_a_reg[3]/C             oddr_dac_dat[3]/D2             2.057         
i_dsp/sum2_reg[14]/C           dac_dat_b_reg[3]/D             2.084         
i_dsp/sum1_reg[15]/C           dac_dat_a_reg[1]/D             2.147         
i_dsp/sum1_reg[14]/C           dac_dat_a_reg[3]/D             2.453         
i_dsp/sum2_reg[12]/C           dac_dat_b_reg[12]/D            2.556         
i_dsp/sum2_reg[15]/C           dac_dat_b_reg[8]/D             2.598         
i_dsp/sum2_reg[14]/C           dac_dat_b_reg[0]/D             2.650         
i_dsp/sum2_reg[15]/C           dac_dat_b_reg[5]/D             2.734         
i_dsp/sum1_reg[13]/C           dac_dat_a_reg[12]/D            2.841         
i_dsp/sum2_reg[1]/C            dac_dat_b_reg[1]/D             2.983         
i_dsp/sum2_reg[14]/C           dac_dat_b_reg[11]/D            2.989         
i_dsp/sum2_reg[14]/C           dac_dat_b_reg[2]/D             3.036         
i_dsp/sum2_reg[14]/C           dac_dat_b_reg[10]/D            3.083         
i_dsp/sum1_reg[14]/C           dac_dat_a_reg[2]/D             3.216         
i_dsp/sum2_reg[14]/C           dac_dat_b_reg[9]/D             3.251         
i_dsp/sum2_reg[15]/C           dac_dat_b_reg[4]/D             3.288         
i_dsp/sum1_reg[16]/C           dac_dat_a_reg[0]/D             3.345         
i_dsp/sum1_reg[16]/C           dac_dat_a_reg[4]/D             3.362         
i_dsp/sum1_reg[11]/C           dac_dat_a_reg[11]/D            3.397         
i_dsp/sum1_reg[13]/C           dac_dat_a_reg[5]/D             3.477         
i_dsp/sum1_reg[14]/C           dac_dat_a_reg[9]/D             3.483         
i_dsp/sum2_reg[14]/C           dac_dat_b_reg[6]/D             3.583         
i_dsp/sum2_reg[15]/C           dac_dat_b_reg[7]/D             3.614         
i_dsp/sum1_reg[17]/C           dac_dat_a_reg[13]/D            3.736         
i_dsp/sum1_reg[13]/C           dac_dat_a_reg[6]/D             3.860         
i_dsp/sum2_reg[17]/C           dac_dat_b_reg[13]/D            3.879         
i_dsp/sum1_reg[13]/C           dac_dat_a_reg[10]/D            3.933         
i_dsp/sum1_reg[15]/C           dac_dat_a_reg[8]/D             4.121         
i_dsp/sum1_reg[7]/C            dac_dat_a_reg[7]/D             4.248         
dac_dat_b_reg[6]/C             oddr_dac_dat[6]/D1             5.593         
dac_dat_b_reg[9]/C             oddr_dac_dat[9]/D1             5.638         
dac_dat_b_reg[7]/C             oddr_dac_dat[7]/D1             5.768         
dac_dat_b_reg[13]/C            oddr_dac_dat[13]/D1            5.821         
dac_dat_b_reg[10]/C            oddr_dac_dat[10]/D1            5.829         
dac_rst_reg/C                  oddr_dac_rst/D1                5.832         
dac_dat_b_reg[11]/C            oddr_dac_dat[11]/D1            5.847         
dac_dat_b_reg[12]/C            oddr_dac_dat[12]/D1            5.859         
dac_dat_b_reg[8]/C             oddr_dac_dat[8]/D1             5.865         
dac_dat_b_reg[0]/C             oddr_dac_dat[0]/D1             5.870         
dac_dat_b_reg[1]/C             oddr_dac_dat[1]/D1             5.901         
dac_dat_b_reg[3]/C             oddr_dac_dat[3]/D1             5.903         
dac_dat_b_reg[5]/C             oddr_dac_dat[5]/D1             5.908         
dac_dat_b_reg[4]/C             oddr_dac_dat[4]/D1             5.914         
dac_dat_b_reg[2]/C             oddr_dac_dat[2]/D1             5.983         



